<?xml version="1.0" encoding="UTF-8"?>
<testsuite xmlns:xsi="http://www.w3.org/2001/XMLSchema-instance" xsi:noNamespaceSchemaLocation="https://maven.apache.org/surefire/maven-surefire-plugin/xsd/surefire-test-report.xsd" version="3.0.2" name="io.proj3ct.StatementBot.StatementBotApplicationTests" time="4.17" tests="1" errors="0" skipped="0" failures="0">
  <properties>
[...]
</properties>
  <testcase name="contextLoads" classname="io.proj3ct.StatementBot.StatementBotApplicationTests" time="0.961">
    <system-out><![CDATA[Standard Commons Logging discovery in action with spring-jcl: please remove commons-logging.jar from classpath in order to avoid potential conflicts
20:49:49.077 [main] INFO org.springframework.test.context.support.AnnotationConfigContextLoaderUtils -- Could not detect default configuration classes for test class [io.proj3ct.StatementBot.StatementBotApplicationTests]: StatementBotApplicationTests does not declare any static, non-private, non-final, nested classes annotated with @Configuration.
20:49:49.251 [main] INFO org.springframework.boot.test.context.SpringBootTestContextBootstrapper -- Found @SpringBootConfiguration io.proj3ct.StatementBot.StatementBotApplication for test class io.proj3ct.StatementBot.StatementBotApplicationTests

  .   ____          _            __ _ _
 /\\ / ___'_ __ _ _(_)_ __  __ _ \ \ \ \
( ( )\___ | '_ | '_| | '_ \/ _` | \ \ \ \
 \\/  ___)| |_)| | | | | || (_| |  ) ) ) )
  '  |____| .__|_| |_|_| |_\__, | / / / /
 =========|_|==============|___/=/_/_/_/

 :: Spring Boot ::                (v3.4.1)

2025-01-08T20:49:49.972+03:00  WARN 8260 --- [StatementBot] [           main] ory$DuplicateJsonObjectContextCustomizer : 

Found multiple occurrences of org.json.JSONObject on the class path:

	jar:file:/C:/Users/Aleks/.m2/repository/org/json/json/20180813/json-20180813.jar!/org/json/JSONObject.class
	jar:file:/C:/Users/Aleks/.m2/repository/com/vaadin/external/google/android-json/0.0.20131108.vaadin1/android-json-0.0.20131108.vaadin1.jar!/org/json/JSONObject.class

You may wish to exclude one of them to ensure predictable runtime behavior

2025-01-08T20:49:49.992+03:00  INFO 8260 --- [StatementBot] [           main] i.p.S.StatementBotApplicationTests       : Starting StatementBotApplicationTests using Java 17.0.8 with PID 8260 (started by Aleks in C:\Users\Aleks\Documents\IdeaProjects\StatementBot)
2025-01-08T20:49:49.994+03:00  INFO 8260 --- [StatementBot] [           main] i.p.S.StatementBotApplicationTests       : No active profile set, falling back to 1 default profile: "default"
2025-01-08T20:49:51.972+03:00  INFO 8260 --- [StatementBot] [           main] i.p.S.StatementBotApplicationTests       : Started StatementBotApplicationTests in 2.416 seconds (process running for 3.975)
]]></system-out>
  </testcase>
</testsuite>